#
# A fatal error has been detected by the Java Runtime Environment:
#
#  EXCEPTION_ACCESS_VIOLATION (0xc0000005) at pc=0x00007ffb11f7a388, pid=8324, tid=0x00000000000002fc
#
# JRE version: Java(TM) SE Runtime Environment (8.0_131-b11) (build 1.8.0_131-b11)
# Java VM: Java HotSpot(TM) 64-Bit Server VM (25.131-b11 mixed mode windows-amd64 compressed oops)
# Problematic frame:
# C  [KERNELBASE.dll+0x3a388]
#
# Failed to write core dump. Minidumps are not enabled by default on client versions of Windows
#
# If you would like to submit a bug report, please visit:
#   http://bugreport.java.com/bugreport/crash.jsp
# The crash happened outside the Java Virtual Machine in native code.
# See problematic frame for where to report the bug.
#

---------------  T H R E A D  ---------------

Current thread (0x00000000199f4800):  JavaThread "Thread-4" [_thread_in_native, id=764, stack(0x000000001e7f0000,0x000000001e8f0000)]

siginfo: ExceptionCode=0xc0000005, reading address 0x0000000000000000

Registers:
RAX=0x00000000000002fc, RBX=0x000000001e8ee540, RCX=0x00000000000002fc, RDX=0x000000001e8ec240
RSP=0x000000001e8ec7a0, RBP=0x000000001e8ece40, RSI=0x000000001e8eea30, RDI=0x000000001e8ed5a0
R8 =0x0000000000000000, R9 =0x00008bf206d532d3, R10=0x000000001e8ec510, R11=0x0000000000000000
R12=0x000000001e8edbf8, R13=0x0000000000000000, R14=0x000000001e8ec8f0, R15=0x00007ffae5785730
RIP=0x00007ffb11f7a388, EFLAGS=0x0000000000000202

Top of Stack: (sp=0x000000001e8ec7a0)
0x000000001e8ec7a0:   0000000000000000 000000001e8ee540
0x000000001e8ec7b0:   000000001e8eea30 000000001e8ed5a0
0x000000001e8ec7c0:   00000000c0000005 0000000000000000
0x000000001e8ec7d0:   00007ffb11f7a388 0000000000000002
0x000000001e8ec7e0:   0000000000000000 0000000000000000
0x000000001e8ec7f0:   0000000019930520 0000000000000000
0x000000001e8ec800:   00008bf206d53513 0000000000000000
0x000000001e8ec810:   000000001e8eeea0 000000005e3820da
0x000000001e8ec820:   0000000000000000 000000001e8ee540
0x000000001e8ec830:   000000001e8ed5a0 000000001e8ec860
0x000000001e8ec840:   000000001e8ed5a0 000000005e3820fb
0x000000001e8ec850:   000000001e8ee540 000000001e8eeea0
0x000000001e8ec860:   00004442be9b2378 000000011e8ec970
0x000000001e8ec870:   000000001e8ee540 000000005e3c04d6
0x000000001e8ec880:   00007ffae5785730 000000001e8edbf8
0x000000001e8ec890:   0000000000000100 0000000000000000 

Instructions: (pc=0x00007ffb11f7a388)
0x00007ffb11f7a368:   49 8b d1 44 0f 47 c0 44 89 44 24 38 49 c1 e0 03
0x00007ffb11f7a378:   e8 4a 46 04 00 48 8d 4c 24 20 ff 15 a0 82 14 00
0x00007ffb11f7a388:   48 8b 8c 24 c0 00 00 00 48 33 cc e8 b8 05 04 00
0x00007ffb11f7a398:   48 81 c4 d8 00 00 00 c3 83 64 24 38 00 eb d6 cc 


Register to memory mapping:

RAX=0x00000000000002fc is an unknown value
RBX=0x000000001e8ee540 is pointing into the stack for thread: 0x00000000199f4800
RCX=0x00000000000002fc is an unknown value
RDX=0x000000001e8ec240 is pointing into the stack for thread: 0x00000000199f4800
RSP=0x000000001e8ec7a0 is pointing into the stack for thread: 0x00000000199f4800
RBP=0x000000001e8ece40 is pointing into the stack for thread: 0x00000000199f4800
RSI=0x000000001e8eea30 is pointing into the stack for thread: 0x00000000199f4800
RDI=0x000000001e8ed5a0 is pointing into the stack for thread: 0x00000000199f4800
R8 =0x0000000000000000 is an unknown value
R9 =0x00008bf206d532d3 is an unknown value
R10=0x000000001e8ec510 is pointing into the stack for thread: 0x00000000199f4800
R11=0x0000000000000000 is an unknown value
R12=0x000000001e8edbf8 is pointing into the stack for thread: 0x00000000199f4800
R13=0x0000000000000000 is an unknown value
R14=0x000000001e8ec8f0 is pointing into the stack for thread: 0x00000000199f4800
R15=0x00007ffae5785730 is an unknown value


Stack: [0x000000001e7f0000,0x000000001e8f0000],  sp=0x000000001e8ec7a0,  free space=1009k
Native frames: (J=compiled Java code, j=interpreted, Vv=VM code, C=native code)
C  [KERNELBASE.dll+0x3a388]
C  [msvcr100.dll+0x604d6]
C  [ntdll.dll+0x9e2b3]
C  [opencv_highgui2410.dll+0x16a59]
C  [opencv_highgui2410.dll+0x12ef]
C  [jniopencv_highgui.dll+0x1b870]
C  0x0000000002e87f74

Java frames: (J=compiled Java code, j=interpreted, Vv=VM code)
j  org.bytedeco.javacpp.opencv_highgui.cvCreateCameraCapture(I)Lorg/bytedeco/javacpp/opencv_highgui$CvCapture;+0
j  mediaplayerfinal.AudioPlayerTest$6.run()V+1
v  ~StubRoutines::call_stub

---------------  P R O C E S S  ---------------

Java Threads: ( => current thread )
=>0x00000000199f4800 JavaThread "Thread-4" [_thread_in_native, id=764, stack(0x000000001e7f0000,0x000000001e8f0000)]
  0x0000000019c9c800 JavaThread "Thread-2" [_thread_in_native, id=8240, stack(0x000000001c860000,0x000000001c960000)]
  0x0000000019a8d000 JavaThread "Loop thread" [_thread_blocked, id=5720, stack(0x000000001bb20000,0x000000001bc20000)]
  0x0000000019ab7000 JavaThread "JMF thread: SendEventQueue: com.sun.media.PlaybackEngine" [_thread_blocked, id=9512, stack(0x000000001b720000,0x000000001b820000)]
  0x0000000019c2b000 JavaThread "JMF thread: SendEventQueue: com.sun.media.content.unknown.Handler" [_thread_blocked, id=9676, stack(0x000000001b620000,0x000000001b720000)]
  0x0000000002d72800 JavaThread "DestroyJavaVM" [_thread_blocked, id=8516, stack(0x0000000002c70000,0x0000000002d70000)]
  0x000000001998d000 JavaThread "AWT-EventQueue-0" [_thread_blocked, id=7960, stack(0x000000001a360000,0x000000001a460000)]
  0x000000001993f800 JavaThread "AWT-Windows" daemon [_thread_in_native, id=2112, stack(0x000000001a260000,0x000000001a360000)]
  0x000000001993f000 JavaThread "AWT-Shutdown" [_thread_blocked, id=6208, stack(0x000000001a160000,0x000000001a260000)]
  0x000000001984b000 JavaThread "Java2D Disposer" daemon [_thread_blocked, id=5388, stack(0x000000001a060000,0x000000001a160000)]
  0x0000000019160000 JavaThread "Service Thread" daemon [_thread_blocked, id=952, stack(0x0000000019520000,0x0000000019620000)]
  0x00000000177d5000 JavaThread "C1 CompilerThread2" daemon [_thread_blocked, id=9492, stack(0x0000000019020000,0x0000000019120000)]
  0x00000000177d0800 JavaThread "C2 CompilerThread1" daemon [_thread_blocked, id=9080, stack(0x0000000018f20000,0x0000000019020000)]
  0x00000000177cb800 JavaThread "C2 CompilerThread0" daemon [_thread_blocked, id=10036, stack(0x0000000018e20000,0x0000000018f20000)]
  0x00000000177db000 JavaThread "Attach Listener" daemon [_thread_blocked, id=3668, stack(0x0000000018d20000,0x0000000018e20000)]
  0x00000000177d9800 JavaThread "Signal Dispatcher" daemon [_thread_blocked, id=688, stack(0x0000000018c20000,0x0000000018d20000)]
  0x0000000002e6d800 JavaThread "Finalizer" daemon [_thread_blocked, id=6436, stack(0x0000000018a30000,0x0000000018b30000)]
  0x0000000002e62000 JavaThread "Reference Handler" daemon [_thread_blocked, id=9280, stack(0x0000000018930000,0x0000000018a30000)]

Other Threads:
  0x0000000017797800 VMThread [stack: 0x0000000018830000,0x0000000018930000] [id=8568]
  0x0000000019169000 WatcherThread [stack: 0x0000000019620000,0x0000000019720000] [id=4508]

VM state:not at safepoint (normal execution)

VM Mutex/Monitor currently owned by a thread: None

Heap:
 PSYoungGen      total 36864K, used 30884K [0x00000000d6f00000, 0x00000000d9800000, 0x0000000100000000)
  eden space 31744K, 97% used [0x00000000d6f00000,0x00000000d8d29338,0x00000000d8e00000)
  from space 5120K, 0% used [0x00000000d9300000,0x00000000d9300000,0x00000000d9800000)
  to   space 5120K, 0% used [0x00000000d8e00000,0x00000000d8e00000,0x00000000d9300000)
 ParOldGen       total 84992K, used 0K [0x0000000084c00000, 0x0000000089f00000, 0x00000000d6f00000)
  object space 84992K, 0% used [0x0000000084c00000,0x0000000084c00000,0x0000000089f00000)
 Metaspace       used 14223K, capacity 14456K, committed 14720K, reserved 1062912K
  class space    used 1711K, capacity 1816K, committed 1920K, reserved 1048576K

Card table byte_map: [0x0000000012230000,0x0000000012610000] byte_map_base: 0x0000000011e0a000

Marking Bits: (ParMarkBitMap*) 0x000000005ec5c720
 Begin Bits: [0x0000000012cb0000, 0x0000000014b80000)
 End Bits:   [0x0000000014b80000, 0x0000000016a50000)

Polling page: 0x0000000001220000

CodeCache: size=245760Kb used=4061Kb max_used=4074Kb free=241698Kb
 bounds [0x0000000002e70000, 0x0000000003270000, 0x0000000011e70000]
 total_blobs=1703 nmethods=1113 adapters=503
 compilation: enabled

Compilation events (10 events):
Event: 5.041 Thread 0x00000000177d5000 nmethod 1107 0x000000000325c090 code [0x000000000325c220, 0x000000000325c5f8]
Event: 5.049 Thread 0x00000000177d5000 1108   !   3       com.sun.proxy.$Proxy1::define (29 bytes)
Event: 5.050 Thread 0x00000000177d5000 nmethod 1108 0x000000000325b8d0 code [0x000000000325ba60, 0x000000000325be38]
Event: 5.054 Thread 0x00000000177d0800 1109       4       java.lang.String::endsWith (17 bytes)
Event: 5.058 Thread 0x00000000177d5000 1110       1       java.lang.StackTraceElement::getClassName (5 bytes)
Event: 5.058 Thread 0x00000000177d5000 nmethod 1110 0x0000000003265dd0 code [0x0000000003265f20, 0x0000000003266030]
Event: 5.058 Thread 0x00000000177d0800 nmethod 1109 0x0000000003266090 code [0x00000000032661e0, 0x0000000003266398]
Event: 5.074 Thread 0x00000000177cb800 nmethod 1093 0x0000000003269c90 code [0x0000000003269fe0, 0x000000000326c010]
Event: 5.942 Thread 0x00000000177d5000 1111   !   3       javax.swing.UIManager::getLAFState (62 bytes)
Event: 5.943 Thread 0x00000000177d5000 nmethod 1111 0x0000000003264cd0 code [0x0000000003264ee0, 0x00000000032658e8]

GC Heap History (0 events):
No events

Deoptimization events (3 events):
Event: 0.184 Thread 0x0000000002d72800 Uncommon trap: reason=unstable_if action=reinterpret pc=0x0000000002fb74f8 method=java.lang.String.hashCode()I @ 14
Event: 0.405 Thread 0x00000000199f4800 Uncommon trap: reason=unstable_if action=reinterpret pc=0x0000000003051178 method=java.lang.String.<init>([CII)V @ 18
Event: 0.560 Thread 0x000000001998d000 Uncommon trap: reason=unstable_if action=reinterpret pc=0x000000000302b01c method=java.lang.String.indexOf([CII[CIII)I @ 3

Internal exceptions (10 events):
Event: 0.647 Thread 0x000000001998d000 Exception <a 'java/lang/reflect/InvocationTargetException'> (0x00000000d79d7478) thrown at [C:\re\workspace\8-2-build-windows-amd64-cygwin\jdk8u131\8869\hotspot\src\share\vm\runtime\reflection.cpp, line 1092]
Event: 0.648 Thread 0x000000001998d000 Exception <a 'java/lang/reflect/InvocationTargetException'> (0x00000000d79e5348) thrown at [C:\re\workspace\8-2-build-windows-amd64-cygwin\jdk8u131\8869\hotspot\src\share\vm\runtime\reflection.cpp, line 1092]
Event: 0.648 Thread 0x000000001998d000 Exception <a 'java/lang/reflect/InvocationTargetException'> (0x00000000d79ec490) thrown at [C:\re\workspace\8-2-build-windows-amd64-cygwin\jdk8u131\8869\hotspot\src\share\vm\runtime\reflection.cpp, line 1092]
Event: 0.649 Thread 0x000000001998d000 Exception <a 'java/lang/reflect/InvocationTargetException'> (0x00000000d79fa7b0) thrown at [C:\re\workspace\8-2-build-windows-amd64-cygwin\jdk8u131\8869\hotspot\src\share\vm\runtime\reflection.cpp, line 1092]
Event: 0.649 Thread 0x000000001998d000 Exception <a 'java/lang/reflect/InvocationTargetException'> (0x00000000d7a01b20) thrown at [C:\re\workspace\8-2-build-windows-amd64-cygwin\jdk8u131\8869\hotspot\src\share\vm\runtime\reflection.cpp, line 1092]
Event: 0.650 Thread 0x000000001998d000 Exception <a 'java/lang/reflect/InvocationTargetException'> (0x00000000d7a0fe40) thrown at [C:\re\workspace\8-2-build-windows-amd64-cygwin\jdk8u131\8869\hotspot\src\share\vm\runtime\reflection.cpp, line 1092]
Event: 0.650 Thread 0x000000001998d000 Exception <a 'java/lang/reflect/InvocationTargetException'> (0x00000000d7a171b0) thrown at [C:\re\workspace\8-2-build-windows-amd64-cygwin\jdk8u131\8869\hotspot\src\share\vm\runtime\reflection.cpp, line 1092]
Event: 0.651 Thread 0x000000001998d000 Exception <a 'java/lang/reflect/InvocationTargetException'> (0x00000000d7a25138) thrown at [C:\re\workspace\8-2-build-windows-amd64-cygwin\jdk8u131\8869\hotspot\src\share\vm\runtime\reflection.cpp, line 1092]
Event: 0.652 Thread 0x000000001998d000 Exception <a 'java/lang/reflect/InvocationTargetException'> (0x00000000d7a2eb38) thrown at [C:\re\workspace\8-2-build-windows-amd64-cygwin\jdk8u131\8869\hotspot\src\share\vm\runtime\reflection.cpp, line 1092]
Event: 0.732 Thread 0x000000001998d000 Exception <a 'java/lang/ClassCastException': com.sun.media.protocol.file.DataSource$RAFPullSourceStream cannot be cast to javax.media.protocol.CachedStream> (0x00000000d7cae4a0) thrown at [C:\re\workspace\8-2-build-windows-amd64-cygwin\jdk8u131\8869\hotsp

Events (10 events):
Event: 5.043 loading class org/bytedeco/javacpp/opencv_highgui$Pt2Func_int_byte__
Event: 5.043 loading class org/bytedeco/javacpp/opencv_highgui$Pt2Func_int_byte__ done
Event: 5.048 loading class org/bytedeco/javacpp/opencv_highgui$Pt2Func_int_ByteBuffer
Event: 5.048 loading class org/bytedeco/javacpp/opencv_highgui$Pt2Func_int_ByteBuffer done
Event: 5.053 loading class org/bytedeco/javacpp/opencv_highgui$Pt2Func_int_BytePointer
Event: 5.053 loading class org/bytedeco/javacpp/opencv_highgui$Pt2Func_int_BytePointer done
Event: 5.057 loading class org/bytedeco/javacpp/opencv_highgui$Pt2Func_int_PointerPointer
Event: 5.057 loading class org/bytedeco/javacpp/opencv_highgui$Pt2Func_int_PointerPointer done
Event: 5.457 Thread 0x00000000199f4800 Thread exited: 0x00000000199f4800
Event: 5.941 Thread 0x00000000199f4800 Thread added: 0x00000000199f4800


Dynamic libraries:
0x00007ff752d30000 - 0x00007ff752d67000 	C:\Program Files\Java\jdk1.8.0_131\bin\java.exe
0x00007ffb14fb0000 - 0x00007ffb15191000 	C:\Windows\SYSTEM32\ntdll.dll
0x00007ffb14370000 - 0x00007ffb14422000 	C:\Windows\System32\KERNEL32.DLL
0x00007ffb11f40000 - 0x00007ffb121b3000 	C:\Windows\System32\KERNELBASE.dll
0x00007ffb14730000 - 0x00007ffb147d1000 	C:\Windows\System32\ADVAPI32.dll
0x00007ffb14560000 - 0x00007ffb145fe000 	C:\Windows\System32\msvcrt.dll
0x00007ffb14850000 - 0x00007ffb148ab000 	C:\Windows\System32\sechost.dll
0x00007ffb14430000 - 0x00007ffb14554000 	C:\Windows\System32\RPCRT4.dll
0x00007ffb13d90000 - 0x00007ffb13f20000 	C:\Windows\System32\USER32.dll
0x00007ffb11d30000 - 0x00007ffb11d50000 	C:\Windows\System32\win32u.dll
0x00007ffb14a10000 - 0x00007ffb14a38000 	C:\Windows\System32\GDI32.dll
0x00007ffb12220000 - 0x00007ffb123b2000 	C:\Windows\System32\gdi32full.dll
0x00007ffb11c90000 - 0x00007ffb11d2f000 	C:\Windows\System32\msvcp_win.dll
0x00007ffb11b90000 - 0x00007ffb11c8a000 	C:\Windows\System32\ucrtbase.dll
0x00007ffb01ed0000 - 0x00007ffb02139000 	C:\Windows\WinSxS\amd64_microsoft.windows.common-controls_6595b64144ccf1df_6.0.17134.345_none_fb429a5930656358\COMCTL32.dll
0x00007ffb14a40000 - 0x00007ffb14d63000 	C:\Windows\System32\combase.dll
0x00007ffb123c0000 - 0x00007ffb1243a000 	C:\Windows\System32\bcryptPrimitives.dll
0x00007ffb13d60000 - 0x00007ffb13d8d000 	C:\Windows\System32\IMM32.DLL
0x000000005e360000 - 0x000000005e432000 	C:\Program Files\Java\jdk1.8.0_131\jre\bin\msvcr100.dll
0x000000005e440000 - 0x000000005ecdc000 	C:\Program Files\Java\jdk1.8.0_131\jre\bin\server\jvm.dll
0x00007ffb14f10000 - 0x00007ffb14f18000 	C:\Windows\System32\PSAPI.DLL
0x00007ffb00fb0000 - 0x00007ffb00fba000 	C:\Windows\SYSTEM32\VERSION.dll
0x00007ffb0dd10000 - 0x00007ffb0dd33000 	C:\Windows\SYSTEM32\WINMM.dll
0x00007ffb0dcd0000 - 0x00007ffb0dcfa000 	C:\Windows\SYSTEM32\WINMMBASE.dll
0x00007ffb11380000 - 0x00007ffb113c9000 	C:\Windows\System32\cfgmgr32.dll
0x00007ffb0e040000 - 0x00007ffb0e049000 	C:\Windows\SYSTEM32\WSOCK32.dll
0x00007ffb13cf0000 - 0x00007ffb13d5c000 	C:\Windows\System32\ws2_32.DLL
0x000000005e310000 - 0x000000005e31f000 	C:\Program Files\Java\jdk1.8.0_131\jre\bin\verify.dll
0x000000005e2e0000 - 0x000000005e309000 	C:\Program Files\Java\jdk1.8.0_131\jre\bin\java.dll
0x000000005e2c0000 - 0x000000005e2d6000 	C:\Program Files\Java\jdk1.8.0_131\jre\bin\zip.dll
0x00007ffb12730000 - 0x00007ffb13b6f000 	C:\Windows\System32\SHELL32.dll
0x00007ffb12460000 - 0x00007ffb12509000 	C:\Windows\System32\shcore.dll
0x00007ffb113d0000 - 0x00007ffb11add000 	C:\Windows\System32\windows.storage.dll
0x00007ffb14f20000 - 0x00007ffb14f71000 	C:\Windows\System32\shlwapi.dll
0x00007ffb11340000 - 0x00007ffb11351000 	C:\Windows\System32\kernel.appcore.dll
0x00007ffb11360000 - 0x00007ffb1137f000 	C:\Windows\System32\profapi.dll
0x00007ffb112d0000 - 0x00007ffb1131c000 	C:\Windows\System32\powrprof.dll
0x00007ffb112c0000 - 0x00007ffb112ca000 	C:\Windows\System32\FLTLIB.DLL
0x000000005e0e0000 - 0x000000005e278000 	C:\Program Files\Java\jdk1.8.0_131\jre\bin\awt.dll
0x00007ffb14660000 - 0x00007ffb14722000 	C:\Windows\System32\OLEAUT32.dll
0x00007ffb0f490000 - 0x00007ffb0f51b000 	C:\Windows\SYSTEM32\apphelp.dll
0x00007ffb0f5c0000 - 0x00007ffb0f658000 	C:\Windows\system32\uxtheme.dll
0x00007ffb13b70000 - 0x00007ffb13ce4000 	C:\Windows\System32\MSCTF.dll
0x00007ffb0fa50000 - 0x00007ffb0fa79000 	C:\Windows\system32\dwmapi.dll
0x00007ffb148b0000 - 0x00007ffb14a01000 	C:\Windows\System32\ole32.dll
0x00007ffaffa40000 - 0x00007ffaffb60000 	C:\Windows\system32\opengl32.dll
0x00007ffb05740000 - 0x00007ffb0576c000 	C:\Windows\SYSTEM32\GLU32.dll
0x000000005e090000 - 0x000000005e0d7000 	C:\Program Files\Java\jdk1.8.0_131\jre\bin\fontmanager.dll
0x000000005e2a0000 - 0x000000005e2ba000 	C:\Program Files\Java\jdk1.8.0_131\jre\bin\net.dll
0x00007ffb10b40000 - 0x00007ffb10ba6000 	C:\Windows\system32\mswsock.dll
0x000000005e280000 - 0x000000005e291000 	C:\Program Files\Java\jdk1.8.0_131\jre\bin\nio.dll
0x000000005e040000 - 0x000000005e082000 	C:\Program Files\Java\jdk1.8.0_131\jre\bin\t2k.dll
0x00007ffb05770000 - 0x00007ffb05807000 	C:\Windows\System32\TextInputFramework.dll
0x00007ffb0c650000 - 0x00007ffb0c96e000 	C:\Windows\System32\CoreUIComponents.dll
0x00007ffb0ef50000 - 0x00007ffb0f02a000 	C:\Windows\System32\CoreMessaging.dll
0x00007ffb103b0000 - 0x00007ffb103e1000 	C:\Windows\SYSTEM32\ntmarta.dll
0x00007ffb0d3e0000 - 0x00007ffb0d52d000 	C:\Windows\SYSTEM32\wintypes.dll
0x000000005dc10000 - 0x000000005dce1000 	C:\Users\abuha\AppData\Local\Temp\javacpp46114669429065\msvcr100.dll
0x000000005db70000 - 0x000000005dc08000 	C:\Users\abuha\AppData\Local\Temp\javacpp46114669429065\msvcp100.dll
0x00007ffae6780000 - 0x00007ffae69ff000 	C:\Users\abuha\AppData\Local\Temp\javacpp46114669429065\opencv_core2410.dll
0x00007ffae6590000 - 0x00007ffae6779000 	C:\Users\abuha\AppData\Local\Temp\javacpp46114669429065\jniopencv_core.dll
0x00007ffae58c0000 - 0x00007ffae5b81000 	C:\Users\abuha\AppData\Local\Temp\javacpp46114669429065\opencv_imgproc2410.dll
0x00007ffaf1b30000 - 0x00007ffaf1bd3000 	C:\Users\abuha\AppData\Local\Temp\javacpp46114669429065\jniopencv_imgproc.dll
0x0000000066840000 - 0x00000000676b4000 	C:\Users\abuha\AppData\Local\Temp\javacpp46114669429065\opencv_ffmpeg2410_64.dll
0x00007ffae5670000 - 0x00007ffae58be000 	C:\Users\abuha\AppData\Local\Temp\javacpp46114669429065\opencv_highgui2410.dll
0x00007ffb0c4f0000 - 0x00007ffb0c519000 	C:\Windows\SYSTEM32\MSVFW32.dll
0x00007ffb0a070000 - 0x00007ffb0a08f000 	C:\Windows\SYSTEM32\AVIFIL32.dll
0x00007ffb0a050000 - 0x00007ffb0a068000 	C:\Windows\SYSTEM32\AVICAP32.dll
0x00007ffb04570000 - 0x00007ffb0458c000 	C:\Windows\SYSTEM32\MSACM32.dll
0x00007ffb02e80000 - 0x00007ffb02ecf000 	C:\Users\abuha\AppData\Local\Temp\javacpp46114669429065\jniopencv_highgui.dll
0x00007ffb12590000 - 0x00007ffb12630000 	C:\Windows\System32\clbcatq.dll
0x00007ffb05990000 - 0x00007ffb059a7000 	C:\Windows\System32\devenum.dll
0x00007ffb13f20000 - 0x00007ffb1436b000 	C:\Windows\System32\setupapi.dll
0x00007ffb110d0000 - 0x00007ffb110f7000 	C:\Windows\SYSTEM32\DEVOBJ.dll
0x00007ffb121c0000 - 0x00007ffb12217000 	C:\Windows\System32\WINTRUST.dll
0x00007ffb11320000 - 0x00007ffb11332000 	C:\Windows\System32\MSASN1.dll
0x00007ffb11d50000 - 0x00007ffb11f32000 	C:\Windows\System32\CRYPT32.dll
0x00007ffb0e090000 - 0x00007ffb0e09a000 	C:\Windows\SYSTEM32\msdmo.dll
0x00007ffb05950000 - 0x00007ffb05983000 	C:\Windows\System32\qcap.dll
0x00007ffaeac80000 - 0x00007ffaeae3d000 	C:\Windows\System32\quartz.dll
0x00007ffb10e20000 - 0x00007ffb10e45000 	C:\Windows\System32\bcrypt.dll
0x00007ffb05900000 - 0x00007ffb0594b000 	C:\Windows\System32\mfksproxy.dll
0x00007ffb058e0000 - 0x00007ffb058fd000 	C:\Windows\System32\ATL.DLL
0x00007ffb09e00000 - 0x00007ffb09fdb000 	C:\Windows\System32\MFPlat.DLL
0x00007ffb0ab30000 - 0x00007ffb0ab5e000 	C:\Windows\System32\RTWorkQ.DLL
0x00007ffb05890000 - 0x00007ffb058de000 	C:\Windows\System32\MFSENSORGROUP.dll
0x00007ffb03030000 - 0x00007ffb03078000 	C:\Windows\System32\ksproxy.ax
0x00007ffae99d0000 - 0x00007ffae9b67000 	C:\Windows\System32\d3d9.dll
0x00007ffb0c420000 - 0x00007ffb0c429000 	C:\Windows\System32\ksuser.dll
0x00007ffb0dd40000 - 0x00007ffb0ddbf000 	C:\Windows\SYSTEM32\policymanager.dll
0x00007ffb0da70000 - 0x00007ffb0db01000 	C:\Windows\System32\msvcp110_win.dll
0x00007ffb0dec0000 - 0x00007ffb0decc000 	C:\Windows\System32\vidcap.ax
0x00007ffb05860000 - 0x00007ffb05886000 	C:\Windows\System32\kswdmcap.ax
0x00007ffae9860000 - 0x00007ffae99c4000 	C:\Windows\System32\MFC42.dll
0x00007ffb02ed0000 - 0x00007ffb02f6f000 	C:\Windows\System32\qedit.dll
0x00007ffb12640000 - 0x00007ffb1272d000 	C:\Windows\System32\COMDLG32.dll
0x00007ffb013a0000 - 0x00007ffb0153a000 	C:\Windows\WinSxS\amd64_microsoft.windows.gdiplus_6595b64144ccf1df_1.1.17134.345_none_2c2d8d3e8af7dd26\gdiplus.dll
0x00007ffaf8f00000 - 0x00007ffaf8ff6000 	C:\Windows\System32\DDRAW.dll
0x00007ffb10080000 - 0x00007ffb1013b000 	C:\Windows\System32\dxgi.dll
0x00007ffb089c0000 - 0x00007ffb089c8000 	C:\Windows\System32\DCIMAN32.dll
0x00007ffb08470000 - 0x00007ffb0847c000 	C:\Windows\SYSTEM32\msyuv.dll
0x00007ffaff840000 - 0x00007ffaffa09000 	C:\Windows\SYSTEM32\dbghelp.dll

VM Arguments:
jvm_args: -Dfile.encoding=UTF-8 
java_command: mediaplayerfinal.AudioPlayerTest
java_class_path (initial): C:\Program Files (x86)\JMF2.1.1e\lib\customizer.jar;C:\Program Files (x86)\JMF2.1.1e\lib\jmf.jar;C:\Program Files (x86)\JMF2.1.1e\lib\mediaplayer.jar;C:\Program Files (x86)\JMF2.1.1e\lib\multiplayer.jar;C:\Program Files (x86)\JMF2.1.1e\lib\sound.jar;C:\Users\abuha\Documents\NetBeansProjects\Sojib sir open cv\lib\FileUtil.jar;C:\Users\abuha\Documents\NetBeansProjects\Sojib sir open cv\lib\artoolkitplus-android-arm.jar;C:\Users\abuha\Documents\NetBeansProjects\Sojib sir open cv\lib\artoolkitplus-android-x86.jar;C:\Users\abuha\Documents\NetBeansProjects\Sojib sir open cv\lib\artoolkitplus-linux-x86.jar;C:\Users\abuha\Documents\NetBeansProjects\Sojib sir open cv\lib\artoolkitplus-linux-x86_64.jar;C:\Users\abuha\Documents\NetBeansProjects\Sojib sir open cv\lib\artoolkitplus-macosx-x86_64.jar;C:\Users\abuha\Documents\NetBeansProjects\Sojib sir open cv\lib\artoolkitplus-windows-x86.jar;C:\Users\abuha\Documents\NetBeansProjects\Sojib sir open cv\lib\artoolkitplus-windows-x86_64.jar;C:\Users\abuha\Documents\NetBeansProjects\Sojib sir open cv\lib\artoolkitplus.jar;C:\Users\abuha\Documents\NetBeansProjects\Sojib sir open cv\lib\ffmpeg-android-arm.jar;C:\Users\abuha\Documents\NetBeansProjects\Sojib sir open cv\lib\ffmpeg-android-x86.jar;C:\Users\abuha\Documents\NetBeansProjects\Sojib sir open cv\lib\ffmpeg-linux-x86.jar;C:\Users\abuha\Documents\NetBeansProjects\Sojib sir open cv\lib\ffmpeg-linux-x86_64.jar;C:\Users\abuha\Documents\NetBeansProjects\Sojib sir open cv\lib\ffmpeg-macosx-x86_64.jar;C:\Users\abuha\Documents\NetBeansProjects\Sojib sir open cv\lib\ffmpeg-windows-x86.jar;C:\Users\abuha\Documents\NetBeansProjects\Sojib sir open cv\lib\ffmpeg-windows-x86_64.jar;C:\Users\abuha\Documents\NetBeansProjects\Sojib sir open cv\lib\ffmpeg.jar;C:\Users\abuha\Documents\NetBeansProjects\Sojib sir open cv\lib\flandmark-android-arm.jar;C:\Users\abuha\Documents\NetBeansProjects\Sojib sir open cv\lib\flandmark-android-x86.jar;C:\Users\abuha\Documents\NetBean
Launcher Type: SUN_STANDARD

Environment Variables:
CLASSPATH=.;C:\PROGRA~2\JMF21~1.1E\lib\sound.jar;C:\PROGRA~2\JMF21~1.1E\lib\jmf.jar;C:\PROGRA~2\JMF21~1.1E\lib;C:\Program Files (x86)\JMF2.1.1e\lib\fobs4jmf.jar;
PATH=C:\Program Files (x86)\Common Files\Oracle\Java\javapath;C:\ProgramData\Oracle\Java\javapath;C:\Windows\system32;C:\Windows;C:\Windows\System32\Wbem;C:\Windows\System32\WindowsPowerShell\v1.0\;C:\Windows\System32\OpenSSH\;C:\Program Files\Java\jdk1.8.0_131\bin
USERNAME=abuha
OS=Windows_NT
PROCESSOR_IDENTIFIER=Intel64 Family 6 Model 58 Stepping 9, GenuineIntel



---------------  S Y S T E M  ---------------

OS: Windows 10.0 , 64 bit Build 17134 (10.0.17134.1)

CPU:total 4 (initial active 4) (2 cores per cpu, 2 threads per core) family 6 model 58 stepping 9, cmov, cx8, fxsr, mmx, sse, sse2, sse3, ssse3, sse4.1, sse4.2, popcnt, avx, aes, clmul, erms, ht, tsc, tscinvbit, tscinv

Memory: 4k page, physical 8077100k(4963420k free), swap 9322284k(5638384k free)

vm_info: Java HotSpot(TM) 64-Bit Server VM (25.131-b11) for windows-amd64 JRE (1.8.0_131-b11), built on Mar 15 2017 01:23:53 by "java_re" with MS VC++ 10.0 (VS2010)

time: Sun Nov 18 12:02:34 2018
elapsed time: 6 seconds (0d 0h 0m 6s)

